# JRE version: OpenJDK Runtime Environment Temurin-21.0.9+10 (21.0.9+10) (build 21.0.9+10-LTS)
# Java VM: OpenJDK 64-Bit Server VM Temurin-21.0.9+10 (21.0.9+10-LTS, mixed mode, sharing, tiered, compressed oops, compressed class ptrs, parallel gc, windows-amd64)
GC Precious Log:
 CardTable entry size: 512
 CPUs: 4 total, 4 available
 Memory: 8072M
 Large Page Support: Disabled
 NUMA Support: Disabled
 Compressed Oops: Enabled (32-bit)
 Alignments: Space 512K, Generation 512K, Heap 2M
 Heap Min Capacity: 100M
 Heap Initial Capacity: 100M
 Heap Max Capacity: 2G
 Pre-touch: Disabled
 Parallel Workers: 4
Heap:
 PSYoungGen      total 3584K, used 2590K [0x00000000d5580000, 0x00000000d5b80000, 0x0000000100000000)
  eden space 3072K, 67% used [0x00000000d5580000,0x00000000d57878d8,0x00000000d5880000)
  from space 512K, 100% used [0x00000000d5b00000,0x00000000d5b80000,0x00000000d5b80000)
  to   space 1536K, 0% used [0x00000000d5880000,0x00000000d5880000,0x00000000d5a00000)
 ParOldGen       total 414720K, used 414269K [0x0000000080000000, 0x0000000099500000, 0x00000000d5580000)
  object space 414720K, 99% used [0x0000000080000000,0x000000009948f580,0x0000000099500000)
 Metaspace       used 79468K, committed 80960K, reserved 1179648K
  class space    used 7989K, committed 8640K, reserved 1048576K
GC Heap History (20 events):
Event: 978.362 GC heap before
{Heap before GC invocations=1047 (full 4):
 PSYoungGen      total 3584K, used 3263K [0x00000000d5580000, 0x00000000d5c00000, 0x0000000100000000)
  eden space 3072K, 99% used [0x00000000d5580000,0x00000000d587fff0,0x00000000d5880000)
  from space 512K, 37% used [0x00000000d5b80000,0x00000000d5bb0000,0x00000000d5c00000)
  to   space 512K, 0% used [0x00000000d5b00000,0x00000000d5b00000,0x00000000d5b80000)
 ParOldGen       total 412160K, used 411885K [0x0000000080000000, 0x0000000099280000, 0x00000000d5580000)
  object space 412160K, 99% used [0x0000000080000000,0x000000009923b5b8,0x0000000099280000)
 Metaspace       used 79452K, committed 80960K, reserved 1179648K
  class space    used 7988K, committed 8640K, reserved 1048576K
}
Event: 978.368 GC heap after
{Heap after GC invocations=1047 (full 4):
 PSYoungGen      total 3584K, used 368K [0x00000000d5580000, 0x00000000d5c00000, 0x0000000100000000)
  eden space 3072K, 0% used [0x00000000d5580000,0x00000000d5580000,0x00000000d5880000)
  from space 512K, 71% used [0x00000000d5b00000,0x00000000d5b5c010,0x00000000d5b80000)
  to   space 512K, 0% used [0x00000000d5b80000,0x00000000d5b80000,0x00000000d5c00000)
 ParOldGen       total 412160K, used 411929K [0x0000000080000000, 0x0000000099280000, 0x00000000d5580000)
  object space 412160K, 99% used [0x0000000080000000,0x0000000099246450,0x0000000099280000)
 Metaspace       used 79452K, committed 80960K, reserved 1179648K
  class space    used 7988K, committed 8640K, reserved 1048576K
}
Event: 981.206 GC heap before
{Heap before GC invocations=1048 (full 4):
 PSYoungGen      total 3584K, used 3440K [0x00000000d5580000, 0x00000000d5c00000, 0x0000000100000000)
  eden space 3072K, 100% used [0x00000000d5580000,0x00000000d5880000,0x00000000d5880000)
  from space 512K, 71% used [0x00000000d5b00000,0x00000000d5b5c010,0x00000000d5b80000)
  to   space 512K, 0% used [0x00000000d5b80000,0x00000000d5b80000,0x00000000d5c00000)
 ParOldGen       total 412160K, used 411929K [0x0000000080000000, 0x0000000099280000, 0x00000000d5580000)
  object space 412160K, 99% used [0x0000000080000000,0x0000000099246450,0x0000000099280000)
 Metaspace       used 79452K, committed 80960K, reserved 1179648K
  class space    used 7988K, committed 8640K, reserved 1048576K
}
Event: 981.208 GC heap after
{Heap after GC invocations=1048 (full 4):
 PSYoungGen      total 3584K, used 128K [0x00000000d5580000, 0x00000000d5c00000, 0x0000000100000000)
  eden space 3072K, 0% used [0x00000000d5580000,0x00000000d5580000,0x00000000d5880000)
  from space 512K, 25% used [0x00000000d5b80000,0x00000000d5ba0000,0x00000000d5c00000)
  to   space 512K, 0% used [0x00000000d5b00000,0x00000000d5b00000,0x00000000d5b80000)
 ParOldGen       total 412160K, used 411945K [0x0000000080000000, 0x0000000099280000, 0x00000000d5580000)
  object space 412160K, 99% used [0x0000000080000000,0x000000009924a450,0x0000000099280000)
 Metaspace       used 79452K, committed 80960K, reserved 1179648K
  class space    used 7988K, committed 8640K, reserved 1048576K
}
Event: 984.003 GC heap before
{Heap before GC invocations=1049 (full 4):
 PSYoungGen      total 3584K, used 3200K [0x00000000d5580000, 0x00000000d5c00000, 0x0000000100000000)
  eden space 3072K, 100% used [0x00000000d5580000,0x00000000d5880000,0x00000000d5880000)
  from space 512K, 25% used [0x00000000d5b80000,0x00000000d5ba0000,0x00000000d5c00000)
  to   space 512K, 0% used [0x00000000d5b00000,0x00000000d5b00000,0x00000000d5b80000)
 ParOldGen       total 412160K, used 411945K [0x0000000080000000, 0x0000000099280000, 0x00000000d5580000)
  object space 412160K, 99% used [0x0000000080000000,0x000000009924a450,0x0000000099280000)
 Metaspace       used 79452K, committed 80960K, reserved 1179648K
  class space    used 7988K, committed 8640K, reserved 1048576K
}
Event: 984.006 GC heap after
{Heap after GC invocations=1049 (full 4):
 PSYoungGen      total 3584K, used 496K [0x00000000d5580000, 0x00000000d5c00000, 0x0000000100000000)
  eden space 3072K, 0% used [0x00000000d5580000,0x00000000d5580000,0x00000000d5880000)
  from space 512K, 96% used [0x00000000d5b00000,0x00000000d5b7c010,0x00000000d5b80000)
  to   space 512K, 0% used [0x00000000d5b80000,0x00000000d5b80000,0x00000000d5c00000)
 ParOldGen       total 412672K, used 412304K [0x0000000080000000, 0x0000000099300000, 0x00000000d5580000)
  object space 412672K, 99% used [0x0000000080000000,0x00000000992a4258,0x0000000099300000)
 Metaspace       used 79452K, committed 80960K, reserved 1179648K
  class space    used 7988K, committed 8640K, reserved 1048576K
}
Event: 984.382 GC heap before
{Heap before GC invocations=1050 (full 4):
 PSYoungGen      total 3584K, used 3567K [0x00000000d5580000, 0x00000000d5c00000, 0x0000000100000000)
  eden space 3072K, 99% used [0x00000000d5580000,0x00000000d587ffd8,0x00000000d5880000)
  from space 512K, 96% used [0x00000000d5b00000,0x00000000d5b7c010,0x00000000d5b80000)
  to   space 512K, 0% used [0x00000000d5b80000,0x00000000d5b80000,0x00000000d5c00000)
 ParOldGen       total 412672K, used 412304K [0x0000000080000000, 0x0000000099300000, 0x00000000d5580000)
  object space 412672K, 99% used [0x0000000080000000,0x00000000992a4258,0x0000000099300000)
 Metaspace       used 79454K, committed 80960K, reserved 1179648K
  class space    used 7988K, committed 8640K, reserved 1048576K
}
Event: 984.387 GC heap after
{Heap after GC invocations=1050 (full 4):
 PSYoungGen      total 3584K, used 512K [0x00000000d5580000, 0x00000000d5c00000, 0x0000000100000000)
  eden space 3072K, 0% used [0x00000000d5580000,0x00000000d5580000,0x00000000d5880000)
  from space 512K, 100% used [0x00000000d5b80000,0x00000000d5c00000,0x00000000d5c00000)
  to   space 1536K, 0% used [0x00000000d5900000,0x00000000d5900000,0x00000000d5a80000)
 ParOldGen       total 413184K, used 412889K [0x0000000080000000, 0x0000000099380000, 0x00000000d5580000)
  object space 413184K, 99% used [0x0000000080000000,0x00000000993366c0,0x0000000099380000)
 Metaspace       used 79454K, committed 80960K, reserved 1179648K
  class space    used 7988K, committed 8640K, reserved 1048576K
}
Event: 984.941 GC heap before
{Heap before GC invocations=1051 (full 4):
 PSYoungGen      total 3584K, used 3584K [0x00000000d5580000, 0x00000000d5c00000, 0x0000000100000000)
  eden space 3072K, 100% used [0x00000000d5580000,0x00000000d5880000,0x00000000d5880000)
  from space 512K, 100% used [0x00000000d5b80000,0x00000000d5c00000,0x00000000d5c00000)
  to   space 1536K, 0% used [0x00000000d5900000,0x00000000d5900000,0x00000000d5a80000)
 ParOldGen       total 413184K, used 412889K [0x0000000080000000, 0x0000000099380000, 0x00000000d5580000)
  object space 413184K, 99% used [0x0000000080000000,0x00000000993366c0,0x0000000099380000)
 Metaspace       used 79454K, committed 80960K, reserved 1179648K
  class space    used 7988K, committed 8640K, reserved 1048576K
}
Event: 984.945 GC heap after
{Heap after GC invocations=1051 (full 4):
 PSYoungGen      total 4608K, used 192K [0x00000000d5580000, 0x00000000d5c00000, 0x0000000100000000)
  eden space 3072K, 0% used [0x00000000d5580000,0x00000000d5580000,0x00000000d5880000)
  from space 1536K, 12% used [0x00000000d5900000,0x00000000d5930000,0x00000000d5a80000)
  to   space 1024K, 0% used [0x00000000d5b00000,0x00000000d5b00000,0x00000000d5c00000)
 ParOldGen       total 413696K, used 413384K [0x0000000080000000, 0x0000000099400000, 0x00000000d5580000)
  object space 413696K, 99% used [0x0000000080000000,0x00000000993b2100,0x0000000099400000)
 Metaspace       used 79454K, committed 80960K, reserved 1179648K
  class space    used 7988K, committed 8640K, reserved 1048576K
}
Event: 984.980 GC heap before
{Heap before GC invocations=1052 (full 4):
 PSYoungGen      total 4608K, used 3264K [0x00000000d5580000, 0x00000000d5c00000, 0x0000000100000000)
  eden space 3072K, 100% used [0x00000000d5580000,0x00000000d5880000,0x00000000d5880000)
  from space 1536K, 12% used [0x00000000d5900000,0x00000000d5930000,0x00000000d5a80000)
  to   space 1024K, 0% used [0x00000000d5b00000,0x00000000d5b00000,0x00000000d5c00000)
 ParOldGen       total 413696K, used 413384K [0x0000000080000000, 0x0000000099400000, 0x00000000d5580000)
  object space 413696K, 99% used [0x0000000080000000,0x00000000993b2100,0x0000000099400000)
 Metaspace       used 79459K, committed 80960K, reserved 1179648K
  class space    used 7989K, committed 8640K, reserved 1048576K
}
Event: 984.986 GC heap after
{Heap after GC invocations=1052 (full 4):
 PSYoungGen      total 4096K, used 864K [0x00000000d5580000, 0x00000000d5c00000, 0x0000000100000000)
  eden space 3072K, 0% used [0x00000000d5580000,0x00000000d5580000,0x00000000d5880000)
  from space 1024K, 84% used [0x00000000d5b00000,0x00000000d5bd8000,0x00000000d5c00000)
  to   space 1024K, 0% used [0x00000000d5a00000,0x00000000d5a00000,0x00000000d5b00000)
 ParOldGen       total 413696K, used 413464K [0x0000000080000000, 0x0000000099400000, 0x00000000d5580000)
  object space 413696K, 99% used [0x0000000080000000,0x00000000993c6100,0x0000000099400000)
 Metaspace       used 79459K, committed 80960K, reserved 1179648K
  class space    used 7989K, committed 8640K, reserved 1048576K
}
Event: 985.039 GC heap before
{Heap before GC invocations=1053 (full 4):
 PSYoungGen      total 4096K, used 3931K [0x00000000d5580000, 0x00000000d5c00000, 0x0000000100000000)
  eden space 3072K, 99% used [0x00000000d5580000,0x00000000d587eed8,0x00000000d5880000)
  from space 1024K, 84% used [0x00000000d5b00000,0x00000000d5bd8000,0x00000000d5c00000)
  to   space 1024K, 0% used [0x00000000d5a00000,0x00000000d5a00000,0x00000000d5b00000)
 ParOldGen       total 413696K, used 413464K [0x0000000080000000, 0x0000000099400000, 0x00000000d5580000)
  object space 413696K, 99% used [0x0000000080000000,0x00000000993c6100,0x0000000099400000)
 Metaspace       used 79461K, committed 80960K, reserved 1179648K
  class space    used 7989K, committed 8640K, reserved 1048576K
}
Event: 985.042 GC heap after
{Heap after GC invocations=1053 (full 4):
 PSYoungGen      total 4096K, used 160K [0x00000000d5580000, 0x00000000d5b80000, 0x0000000100000000)
  eden space 3072K, 0% used [0x00000000d5580000,0x00000000d5580000,0x00000000d5880000)
  from space 1024K, 15% used [0x00000000d5a00000,0x00000000d5a28000,0x00000000d5b00000)
  to   space 512K, 0% used [0x00000000d5b00000,0x00000000d5b00000,0x00000000d5b80000)
 ParOldGen       total 413696K, used 413528K [0x0000000080000000, 0x0000000099400000, 0x00000000d5580000)
  object space 413696K, 99% used [0x0000000080000000,0x00000000993d6100,0x0000000099400000)
 Metaspace       used 79461K, committed 80960K, reserved 1179648K
  class space    used 7989K, committed 8640K, reserved 1048576K
}
Event: 985.594 GC heap before
{Heap before GC invocations=1054 (full 4):
 PSYoungGen      total 4096K, used 3232K [0x00000000d5580000, 0x00000000d5b80000, 0x0000000100000000)
  eden space 3072K, 100% used [0x00000000d5580000,0x00000000d5880000,0x00000000d5880000)
  from space 1024K, 15% used [0x00000000d5a00000,0x00000000d5a28000,0x00000000d5b00000)
  to   space 512K, 0% used [0x00000000d5b00000,0x00000000d5b00000,0x00000000d5b80000)
 ParOldGen       total 413696K, used 413528K [0x0000000080000000, 0x0000000099400000, 0x00000000d5580000)
  object space 413696K, 99% used [0x0000000080000000,0x00000000993d6100,0x0000000099400000)
 Metaspace       used 79461K, committed 80960K, reserved 1179648K
  class space    used 7989K, committed 8640K, reserved 1048576K
}
Event: 985.598 GC heap after
{Heap after GC invocations=1054 (full 4):
 PSYoungGen      total 3584K, used 96K [0x00000000d5580000, 0x00000000d5b80000, 0x0000000100000000)
  eden space 3072K, 0% used [0x00000000d5580000,0x00000000d5580000,0x00000000d5880000)
  from space 512K, 18% used [0x00000000d5b00000,0x00000000d5b18000,0x00000000d5b80000)
  to   space 512K, 0% used [0x00000000d5a80000,0x00000000d5a80000,0x00000000d5b00000)
 ParOldGen       total 413696K, used 413600K [0x0000000080000000, 0x0000000099400000, 0x00000000d5580000)
  object space 413696K, 99% used [0x0000000080000000,0x00000000993e8100,0x0000000099400000)
 Metaspace       used 79461K, committed 80960K, reserved 1179648K
  class space    used 7989K, committed 8640K, reserved 1048576K
}
Event: 988.028 GC heap before
{Heap before GC invocations=1055 (full 4):
 PSYoungGen      total 3584K, used 3168K [0x00000000d5580000, 0x00000000d5b80000, 0x0000000100000000)
  eden space 3072K, 100% used [0x00000000d5580000,0x00000000d5880000,0x00000000d5880000)
  from space 512K, 18% used [0x00000000d5b00000,0x00000000d5b18000,0x00000000d5b80000)
  to   space 512K, 0% used [0x00000000d5a80000,0x00000000d5a80000,0x00000000d5b00000)
 ParOldGen       total 413696K, used 413600K [0x0000000080000000, 0x0000000099400000, 0x00000000d5580000)
  object space 413696K, 99% used [0x0000000080000000,0x00000000993e8100,0x0000000099400000)
 Metaspace       used 79461K, committed 80960K, reserved 1179648K
  class space    used 7989K, committed 8640K, reserved 1048576K
}
Event: 988.032 GC heap after
{Heap after GC invocations=1055 (full 4):
 PSYoungGen      total 3584K, used 320K [0x00000000d5580000, 0x00000000d5b80000, 0x0000000100000000)
  eden space 3072K, 0% used [0x00000000d5580000,0x00000000d5580000,0x00000000d5880000)
  from space 512K, 62% used [0x00000000d5a80000,0x00000000d5ad0000,0x00000000d5b00000)
  to   space 512K, 0% used [0x00000000d5b00000,0x00000000d5b00000,0x00000000d5b80000)
 ParOldGen       total 413696K, used 413608K [0x0000000080000000, 0x0000000099400000, 0x00000000d5580000)
  object space 413696K, 99% used [0x0000000080000000,0x00000000993ea100,0x0000000099400000)
 Metaspace       used 79461K, committed 80960K, reserved 1179648K
  class space    used 7989K, committed 8640K, reserved 1048576K
}
Event: 988.063 GC heap before
{Heap before GC invocations=1056 (full 4):
 PSYoungGen      total 3584K, used 3392K [0x00000000d5580000, 0x00000000d5b80000, 0x0000000100000000)
  eden space 3072K, 100% used [0x00000000d5580000,0x00000000d5880000,0x00000000d5880000)
  from space 512K, 62% used [0x00000000d5a80000,0x00000000d5ad0000,0x00000000d5b00000)
  to   space 512K, 0% used [0x00000000d5b00000,0x00000000d5b00000,0x00000000d5b80000)
 ParOldGen       total 413696K, used 413608K [0x0000000080000000, 0x0000000099400000, 0x00000000d5580000)
  object space 413696K, 99% used [0x0000000080000000,0x00000000993ea100,0x0000000099400000)
 Metaspace       used 79467K, committed 80960K, reserved 1179648K
  class space    used 7989K, committed 8640K, reserved 1048576K
}
Event: 988.066 GC heap after
{Heap after GC invocations=1056 (full 4):
 PSYoungGen      total 3584K, used 512K [0x00000000d5580000, 0x00000000d5b80000, 0x0000000100000000)
  eden space 3072K, 0% used [0x00000000d5580000,0x00000000d5580000,0x00000000d5880000)
  from space 512K, 100% used [0x00000000d5b00000,0x00000000d5b80000,0x00000000d5b80000)
  to   space 1536K, 0% used [0x00000000d5880000,0x00000000d5880000,0x00000000d5a00000)
 ParOldGen       total 414720K, used 414269K [0x0000000080000000, 0x0000000099500000, 0x00000000d5580000)
  object space 414720K, 99% used [0x0000000080000000,0x000000009948f580,0x0000000099500000)
 Metaspace       used 79467K, committed 80960K, reserved 1179648K
  class space    used 7989K, committed 8640K, reserved 1048576K
}

