# JRE version: OpenJDK Runtime Environment Temurin-21.0.9+10 (21.0.9+10) (build 21.0.9+10-LTS)
# Java VM: OpenJDK 64-Bit Server VM Temurin-21.0.9+10 (21.0.9+10-LTS, mixed mode, sharing, tiered, compressed oops, compressed class ptrs, parallel gc, windows-amd64)
GC Precious Log:
 CardTable entry size: 512
 CPUs: 4 total, 4 available
 Memory: 8072M
 Large Page Support: Disabled
 NUMA Support: Disabled
 Compressed Oops: Enabled (32-bit)
 Alignments: Space 512K, Generation 512K, Heap 2M
 Heap Min Capacity: 100M
 Heap Initial Capacity: 100M
 Heap Max Capacity: 2G
 Pre-touch: Disabled
 Parallel Workers: 4
Heap:
 PSYoungGen      total 6656K, used 4027K [0x00000000d5580000, 0x00000000d5e00000, 0x0000000100000000)
  eden space 6144K, 61% used [0x00000000d5580000,0x00000000d5936ea0,0x00000000d5b80000)
  from space 512K, 43% used [0x00000000d5d00000,0x00000000d5d38000,0x00000000d5d80000)
  to   space 512K, 0% used [0x00000000d5d80000,0x00000000d5d80000,0x00000000d5e00000)
 ParOldGen       total 576512K, used 187938K [0x0000000080000000, 0x00000000a3300000, 0x00000000d5580000)
  object space 576512K, 32% used [0x0000000080000000,0x000000008b788a70,0x00000000a3300000)
 Metaspace       used 82618K, committed 84032K, reserved 1179648K
  class space    used 8227K, committed 8832K, reserved 1048576K
GC Heap History (20 events):
Event: 20344.976 GC heap before
{Heap before GC invocations=961 (full 5):
 PSYoungGen      total 3584K, used 3571K [0x00000000d5580000, 0x00000000d5c80000, 0x0000000100000000)
  eden space 3072K, 100% used [0x00000000d5580000,0x00000000d5880000,0x00000000d5880000)
  from space 512K, 97% used [0x00000000d5900000,0x00000000d597cdf0,0x00000000d5980000)
  to   space 2048K, 0% used [0x00000000d5a80000,0x00000000d5a80000,0x00000000d5c80000)
 ParOldGen       total 576512K, used 176471K [0x0000000080000000, 0x00000000a3300000, 0x00000000d5580000)
  object space 576512K, 30% used [0x0000000080000000,0x000000008ac55d90,0x00000000a3300000)
 Metaspace       used 82589K, committed 83968K, reserved 1179648K
  class space    used 8225K, committed 8832K, reserved 1048576K
}
Event: 20344.986 GC heap after
{Heap after GC invocations=961 (full 5):
 PSYoungGen      total 4608K, used 1984K [0x00000000d5580000, 0x00000000d5d80000, 0x0000000100000000)
  eden space 2560K, 0% used [0x00000000d5580000,0x00000000d5580000,0x00000000d5800000)
  from space 2048K, 96% used [0x00000000d5a80000,0x00000000d5c70000,0x00000000d5c80000)
  to   space 2560K, 0% used [0x00000000d5800000,0x00000000d5800000,0x00000000d5a80000)
 ParOldGen       total 576512K, used 176986K [0x0000000080000000, 0x00000000a3300000, 0x00000000d5580000)
  object space 576512K, 30% used [0x0000000080000000,0x000000008acd6a08,0x00000000a3300000)
 Metaspace       used 82589K, committed 83968K, reserved 1179648K
  class space    used 8225K, committed 8832K, reserved 1048576K
}
Event: 20345.017 GC heap before
{Heap before GC invocations=962 (full 5):
 PSYoungGen      total 4608K, used 4507K [0x00000000d5580000, 0x00000000d5d80000, 0x0000000100000000)
  eden space 2560K, 98% used [0x00000000d5580000,0x00000000d57f6df0,0x00000000d5800000)
  from space 2048K, 96% used [0x00000000d5a80000,0x00000000d5c70000,0x00000000d5c80000)
  to   space 2560K, 0% used [0x00000000d5800000,0x00000000d5800000,0x00000000d5a80000)
 ParOldGen       total 576512K, used 176986K [0x0000000080000000, 0x00000000a3300000, 0x00000000d5580000)
  object space 576512K, 30% used [0x0000000080000000,0x000000008acd6a08,0x00000000a3300000)
 Metaspace       used 82589K, committed 83968K, reserved 1179648K
  class space    used 8225K, committed 8832K, reserved 1048576K
}
Event: 20345.034 GC heap after
{Heap after GC invocations=962 (full 5):
 PSYoungGen      total 5120K, used 2390K [0x00000000d5580000, 0x00000000d5d80000, 0x0000000100000000)
  eden space 2560K, 0% used [0x00000000d5580000,0x00000000d5580000,0x00000000d5800000)
  from space 2560K, 93% used [0x00000000d5800000,0x00000000d5a55800,0x00000000d5a80000)
  to   space 2560K, 0% used [0x00000000d5b00000,0x00000000d5b00000,0x00000000d5d80000)
 ParOldGen       total 576512K, used 178970K [0x0000000080000000, 0x00000000a3300000, 0x00000000d5580000)
  object space 576512K, 31% used [0x0000000080000000,0x000000008aec6a08,0x00000000a3300000)
 Metaspace       used 82589K, committed 83968K, reserved 1179648K
  class space    used 8225K, committed 8832K, reserved 1048576K
}
Event: 20345.102 GC heap before
{Heap before GC invocations=963 (full 5):
 PSYoungGen      total 5120K, used 4950K [0x00000000d5580000, 0x00000000d5d80000, 0x0000000100000000)
  eden space 2560K, 100% used [0x00000000d5580000,0x00000000d5800000,0x00000000d5800000)
  from space 2560K, 93% used [0x00000000d5800000,0x00000000d5a55800,0x00000000d5a80000)
  to   space 2560K, 0% used [0x00000000d5b00000,0x00000000d5b00000,0x00000000d5d80000)
 ParOldGen       total 576512K, used 178970K [0x0000000080000000, 0x00000000a3300000, 0x00000000d5580000)
  object space 576512K, 31% used [0x0000000080000000,0x000000008aec6a08,0x00000000a3300000)
 Metaspace       used 82589K, committed 83968K, reserved 1179648K
  class space    used 8225K, committed 8832K, reserved 1048576K
}
Event: 20345.119 GC heap after
{Heap after GC invocations=963 (full 5):
 PSYoungGen      total 5632K, used 2104K [0x00000000d5580000, 0x00000000d5d80000, 0x0000000100000000)
  eden space 3072K, 0% used [0x00000000d5580000,0x00000000d5580000,0x00000000d5880000)
  from space 2560K, 82% used [0x00000000d5b00000,0x00000000d5d0e220,0x00000000d5d80000)
  to   space 2560K, 0% used [0x00000000d5880000,0x00000000d5880000,0x00000000d5b00000)
 ParOldGen       total 576512K, used 181154K [0x0000000080000000, 0x00000000a3300000, 0x00000000d5580000)
  object space 576512K, 31% used [0x0000000080000000,0x000000008b0e8a08,0x00000000a3300000)
 Metaspace       used 82589K, committed 83968K, reserved 1179648K
  class space    used 8225K, committed 8832K, reserved 1048576K
}
Event: 20345.143 GC heap before
{Heap before GC invocations=964 (full 5):
 PSYoungGen      total 5632K, used 5096K [0x00000000d5580000, 0x00000000d5d80000, 0x0000000100000000)
  eden space 3072K, 97% used [0x00000000d5580000,0x00000000d586c140,0x00000000d5880000)
  from space 2560K, 82% used [0x00000000d5b00000,0x00000000d5d0e220,0x00000000d5d80000)
  to   space 2560K, 0% used [0x00000000d5880000,0x00000000d5880000,0x00000000d5b00000)
 ParOldGen       total 576512K, used 181154K [0x0000000080000000, 0x00000000a3300000, 0x00000000d5580000)
  object space 576512K, 31% used [0x0000000080000000,0x000000008b0e8a08,0x00000000a3300000)
 Metaspace       used 82589K, committed 83968K, reserved 1179648K
  class space    used 8225K, committed 8832K, reserved 1048576K
}
Event: 20345.162 GC heap after
{Heap after GC invocations=964 (full 5):
 PSYoungGen      total 5632K, used 2560K [0x00000000d5580000, 0x00000000d6480000, 0x0000000100000000)
  eden space 3072K, 0% used [0x00000000d5580000,0x00000000d5580000,0x00000000d5880000)
  from space 2560K, 100% used [0x00000000d5880000,0x00000000d5b00000,0x00000000d5b00000)
  to   space 5632K, 0% used [0x00000000d5f00000,0x00000000d5f00000,0x00000000d6480000)
 ParOldGen       total 576512K, used 183603K [0x0000000080000000, 0x00000000a3300000, 0x00000000d5580000)
  object space 576512K, 31% used [0x0000000080000000,0x000000008b34cd48,0x00000000a3300000)
 Metaspace       used 82589K, committed 83968K, reserved 1179648K
  class space    used 8225K, committed 8832K, reserved 1048576K
}
Event: 20345.253 GC heap before
{Heap before GC invocations=965 (full 5):
 PSYoungGen      total 5632K, used 5632K [0x00000000d5580000, 0x00000000d6480000, 0x0000000100000000)
  eden space 3072K, 100% used [0x00000000d5580000,0x00000000d5880000,0x00000000d5880000)
  from space 2560K, 100% used [0x00000000d5880000,0x00000000d5b00000,0x00000000d5b00000)
  to   space 5632K, 0% used [0x00000000d5f00000,0x00000000d5f00000,0x00000000d6480000)
 ParOldGen       total 576512K, used 183603K [0x0000000080000000, 0x00000000a3300000, 0x00000000d5580000)
  object space 576512K, 31% used [0x0000000080000000,0x000000008b34cd48,0x00000000a3300000)
 Metaspace       used 82591K, committed 83968K, reserved 1179648K
  class space    used 8225K, committed 8832K, reserved 1048576K
}
Event: 20345.274 GC heap after
{Heap after GC invocations=965 (full 5):
 PSYoungGen      total 6144K, used 1568K [0x00000000d5580000, 0x00000000d6100000, 0x0000000100000000)
  eden space 4096K, 0% used [0x00000000d5580000,0x00000000d5580000,0x00000000d5980000)
  from space 2048K, 76% used [0x00000000d5f00000,0x00000000d6088000,0x00000000d6100000)
  to   space 3072K, 0% used [0x00000000d5b00000,0x00000000d5b00000,0x00000000d5e00000)
 ParOldGen       total 576512K, used 185979K [0x0000000080000000, 0x00000000a3300000, 0x00000000d5580000)
  object space 576512K, 32% used [0x0000000080000000,0x000000008b59ed48,0x00000000a3300000)
 Metaspace       used 82591K, committed 83968K, reserved 1179648K
  class space    used 8225K, committed 8832K, reserved 1048576K
}
Event: 20345.328 GC heap before
{Heap before GC invocations=966 (full 5):
 PSYoungGen      total 6144K, used 5664K [0x00000000d5580000, 0x00000000d6100000, 0x0000000100000000)
  eden space 4096K, 100% used [0x00000000d5580000,0x00000000d5980000,0x00000000d5980000)
  from space 2048K, 76% used [0x00000000d5f00000,0x00000000d6088000,0x00000000d6100000)
  to   space 3072K, 0% used [0x00000000d5b00000,0x00000000d5b00000,0x00000000d5e00000)
 ParOldGen       total 576512K, used 185979K [0x0000000080000000, 0x00000000a3300000, 0x00000000d5580000)
  object space 576512K, 32% used [0x0000000080000000,0x000000008b59ed48,0x00000000a3300000)
 Metaspace       used 82597K, committed 83968K, reserved 1179648K
  class space    used 8226K, committed 8832K, reserved 1048576K
}
Event: 20345.343 GC heap after
{Heap after GC invocations=966 (full 5):
 PSYoungGen      total 8192K, used 816K [0x00000000d5580000, 0x00000000d5f80000, 0x0000000100000000)
  eden space 5120K, 0% used [0x00000000d5580000,0x00000000d5580000,0x00000000d5a80000)
  from space 3072K, 26% used [0x00000000d5b00000,0x00000000d5bcc010,0x00000000d5e00000)
  to   space 1536K, 0% used [0x00000000d5e00000,0x00000000d5e00000,0x00000000d5f80000)
 ParOldGen       total 576512K, used 187475K [0x0000000080000000, 0x00000000a3300000, 0x00000000d5580000)
  object space 576512K, 32% used [0x0000000080000000,0x000000008b714c00,0x00000000a3300000)
 Metaspace       used 82597K, committed 83968K, reserved 1179648K
  class space    used 8226K, committed 8832K, reserved 1048576K
}
Event: 20345.397 GC heap before
{Heap before GC invocations=967 (full 5):
 PSYoungGen      total 8192K, used 5936K [0x00000000d5580000, 0x00000000d5f80000, 0x0000000100000000)
  eden space 5120K, 100% used [0x00000000d5580000,0x00000000d5a80000,0x00000000d5a80000)
  from space 3072K, 26% used [0x00000000d5b00000,0x00000000d5bcc010,0x00000000d5e00000)
  to   space 1536K, 0% used [0x00000000d5e00000,0x00000000d5e00000,0x00000000d5f80000)
 ParOldGen       total 576512K, used 187475K [0x0000000080000000, 0x00000000a3300000, 0x00000000d5580000)
  object space 576512K, 32% used [0x0000000080000000,0x000000008b714c00,0x00000000a3300000)
 Metaspace       used 82600K, committed 83968K, reserved 1179648K
  class space    used 8226K, committed 8832K, reserved 1048576K
}
Event: 20345.404 GC heap after
{Heap after GC invocations=967 (full 5):
 PSYoungGen      total 7168K, used 1024K [0x00000000d5580000, 0x00000000d5f00000, 0x0000000100000000)
  eden space 6144K, 0% used [0x00000000d5580000,0x00000000d5580000,0x00000000d5b80000)
  from space 1024K, 100% used [0x00000000d5e00000,0x00000000d5f00000,0x00000000d5f00000)
  to   space 1536K, 0% used [0x00000000d5c00000,0x00000000d5c00000,0x00000000d5d80000)
 ParOldGen       total 576512K, used 187874K [0x0000000080000000, 0x00000000a3300000, 0x00000000d5580000)
  object space 576512K, 32% used [0x0000000080000000,0x000000008b778a70,0x00000000a3300000)
 Metaspace       used 82600K, committed 83968K, reserved 1179648K
  class space    used 8226K, committed 8832K, reserved 1048576K
}
Event: 20345.549 GC heap before
{Heap before GC invocations=968 (full 5):
 PSYoungGen      total 7168K, used 7167K [0x00000000d5580000, 0x00000000d5f00000, 0x0000000100000000)
  eden space 6144K, 99% used [0x00000000d5580000,0x00000000d5b7ffe0,0x00000000d5b80000)
  from space 1024K, 100% used [0x00000000d5e00000,0x00000000d5f00000,0x00000000d5f00000)
  to   space 1536K, 0% used [0x00000000d5c00000,0x00000000d5c00000,0x00000000d5d80000)
 ParOldGen       total 576512K, used 187874K [0x0000000080000000, 0x00000000a3300000, 0x00000000d5580000)
  object space 576512K, 32% used [0x0000000080000000,0x000000008b778a70,0x00000000a3300000)
 Metaspace       used 82603K, committed 83968K, reserved 1179648K
  class space    used 8226K, committed 8832K, reserved 1048576K
}
Event: 20345.552 GC heap after
{Heap after GC invocations=968 (full 5):
 PSYoungGen      total 7680K, used 352K [0x00000000d5580000, 0x00000000d5e80000, 0x0000000100000000)
  eden space 6144K, 0% used [0x00000000d5580000,0x00000000d5580000,0x00000000d5b80000)
  from space 1536K, 22% used [0x00000000d5c00000,0x00000000d5c58000,0x00000000d5d80000)
  to   space 1024K, 0% used [0x00000000d5d80000,0x00000000d5d80000,0x00000000d5e80000)
 ParOldGen       total 576512K, used 187890K [0x0000000080000000, 0x00000000a3300000, 0x00000000d5580000)
  object space 576512K, 32% used [0x0000000080000000,0x000000008b77ca70,0x00000000a3300000)
 Metaspace       used 82603K, committed 83968K, reserved 1179648K
  class space    used 8226K, committed 8832K, reserved 1048576K
}
Event: 20345.989 GC heap before
{Heap before GC invocations=969 (full 5):
 PSYoungGen      total 7680K, used 6496K [0x00000000d5580000, 0x00000000d5e80000, 0x0000000100000000)
  eden space 6144K, 100% used [0x00000000d5580000,0x00000000d5b80000,0x00000000d5b80000)
  from space 1536K, 22% used [0x00000000d5c00000,0x00000000d5c58000,0x00000000d5d80000)
  to   space 1024K, 0% used [0x00000000d5d80000,0x00000000d5d80000,0x00000000d5e80000)
 ParOldGen       total 576512K, used 187890K [0x0000000080000000, 0x00000000a3300000, 0x00000000d5580000)
  object space 576512K, 32% used [0x0000000080000000,0x000000008b77ca70,0x00000000a3300000)
 Metaspace       used 82610K, committed 84032K, reserved 1179648K
  class space    used 8227K, committed 8832K, reserved 1048576K
}
Event: 20345.993 GC heap after
{Heap after GC invocations=969 (full 5):
 PSYoungGen      total 6656K, used 192K [0x00000000d5580000, 0x00000000d5e00000, 0x0000000100000000)
  eden space 6144K, 0% used [0x00000000d5580000,0x00000000d5580000,0x00000000d5b80000)
  from space 512K, 37% used [0x00000000d5d80000,0x00000000d5db0000,0x00000000d5e00000)
  to   space 512K, 0% used [0x00000000d5d00000,0x00000000d5d00000,0x00000000d5d80000)
 ParOldGen       total 576512K, used 187914K [0x0000000080000000, 0x00000000a3300000, 0x00000000d5580000)
  object space 576512K, 32% used [0x0000000080000000,0x000000008b782a70,0x00000000a3300000)
 Metaspace       used 82610K, committed 84032K, reserved 1179648K
  class space    used 8227K, committed 8832K, reserved 1048576K
}
Event: 20352.910 GC heap before
{Heap before GC invocations=970 (full 5):
 PSYoungGen      total 6656K, used 6336K [0x00000000d5580000, 0x00000000d5e00000, 0x0000000100000000)
  eden space 6144K, 100% used [0x00000000d5580000,0x00000000d5b80000,0x00000000d5b80000)
  from space 512K, 37% used [0x00000000d5d80000,0x00000000d5db0000,0x00000000d5e00000)
  to   space 512K, 0% used [0x00000000d5d00000,0x00000000d5d00000,0x00000000d5d80000)
 ParOldGen       total 576512K, used 187914K [0x0000000080000000, 0x00000000a3300000, 0x00000000d5580000)
  object space 576512K, 32% used [0x0000000080000000,0x000000008b782a70,0x00000000a3300000)
 Metaspace       used 82613K, committed 84032K, reserved 1179648K
  class space    used 8227K, committed 8832K, reserved 1048576K
}
Event: 20352.912 GC heap after
{Heap after GC invocations=970 (full 5):
 PSYoungGen      total 6656K, used 224K [0x00000000d5580000, 0x00000000d5e00000, 0x0000000100000000)
  eden space 6144K, 0% used [0x00000000d5580000,0x00000000d5580000,0x00000000d5b80000)
  from space 512K, 43% used [0x00000000d5d00000,0x00000000d5d38000,0x00000000d5d80000)
  to   space 512K, 0% used [0x00000000d5d80000,0x00000000d5d80000,0x00000000d5e00000)
 ParOldGen       total 576512K, used 187938K [0x0000000080000000, 0x00000000a3300000, 0x00000000d5580000)
  object space 576512K, 32% used [0x0000000080000000,0x000000008b788a70,0x00000000a3300000)
 Metaspace       used 82613K, committed 84032K, reserved 1179648K
  class space    used 8227K, committed 8832K, reserved 1048576K
}

